/nfshomes/jumeike/miniconda3/envs/cmsc848g/lib/python3.11/site-packages/torchvision/datasets/cifar.py:83: VisibleDeprecationWarning: dtype(): align should be passed as Python or NumPy boolean but got `align=0`. Did you mean to pass a tuple to create a subarray type? (Deprecated NumPy 2.4)
  entry = pickle.load(f, encoding="latin1")
Train Epoch: 1 [0/50000 (0%)]	Loss: 2.291810
Train Epoch: 1 [640/50000 (1%)]	Loss: 2.222027
Train Epoch: 1 [1280/50000 (3%)]	Loss: 2.168519
Train Epoch: 1 [1920/50000 (4%)]	Loss: 1.919331
Train Epoch: 1 [2560/50000 (5%)]	Loss: 2.251043
Train Epoch: 1 [3200/50000 (6%)]	Loss: 2.199992
Train Epoch: 1 [3840/50000 (8%)]	Loss: 1.904746
Train Epoch: 1 [4480/50000 (9%)]	Loss: 1.852379
Train Epoch: 1 [5120/50000 (10%)]	Loss: 1.978865
Train Epoch: 1 [5760/50000 (12%)]	Loss: 1.950117
Train Epoch: 1 [6400/50000 (13%)]	Loss: 1.841835
Train Epoch: 1 [7040/50000 (14%)]	Loss: 1.750700
Train Epoch: 1 [7680/50000 (15%)]	Loss: 2.199695
Train Epoch: 1 [8320/50000 (17%)]	Loss: 1.661440
Train Epoch: 1 [8960/50000 (18%)]	Loss: 1.758885
Train Epoch: 1 [9600/50000 (19%)]	Loss: 1.619685
Train Epoch: 1 [10240/50000 (20%)]	Loss: 1.608959
Train Epoch: 1 [10880/50000 (22%)]	Loss: 1.729898
Train Epoch: 1 [11520/50000 (23%)]	Loss: 1.667591
Train Epoch: 1 [12160/50000 (24%)]	Loss: 1.473048
Train Epoch: 1 [12800/50000 (26%)]	Loss: 1.717333
Train Epoch: 1 [13440/50000 (27%)]	Loss: 1.674092
Train Epoch: 1 [14080/50000 (28%)]	Loss: 1.658894
Train Epoch: 1 [14720/50000 (29%)]	Loss: 1.459540
Train Epoch: 1 [15360/50000 (31%)]	Loss: 1.669965
Train Epoch: 1 [16000/50000 (32%)]	Loss: 1.494881
Train Epoch: 1 [16640/50000 (33%)]	Loss: 1.745642
Train Epoch: 1 [17280/50000 (35%)]	Loss: 1.775130
Train Epoch: 1 [17920/50000 (36%)]	Loss: 1.734508
Train Epoch: 1 [18560/50000 (37%)]	Loss: 1.455256
Train Epoch: 1 [19200/50000 (38%)]	Loss: 1.563001
Train Epoch: 1 [19840/50000 (40%)]	Loss: 1.372926
Train Epoch: 1 [20480/50000 (41%)]	Loss: 1.489717
Train Epoch: 1 [21120/50000 (42%)]	Loss: 1.512038
Train Epoch: 1 [21760/50000 (43%)]	Loss: 1.769183
Train Epoch: 1 [22400/50000 (45%)]	Loss: 1.397640
Train Epoch: 1 [23040/50000 (46%)]	Loss: 1.336295
Train Epoch: 1 [23680/50000 (47%)]	Loss: 1.399808
Train Epoch: 1 [24320/50000 (49%)]	Loss: 1.177323
Train Epoch: 1 [24960/50000 (50%)]	Loss: 1.516557
Train Epoch: 1 [25600/50000 (51%)]	Loss: 1.687088
Train Epoch: 1 [26240/50000 (52%)]	Loss: 1.404375
Train Epoch: 1 [26880/50000 (54%)]	Loss: 1.940225
Train Epoch: 1 [27520/50000 (55%)]	Loss: 1.493366
Train Epoch: 1 [28160/50000 (56%)]	Loss: 1.258499
Train Epoch: 1 [28800/50000 (58%)]	Loss: 1.423970
Train Epoch: 1 [29440/50000 (59%)]	Loss: 1.361513
Train Epoch: 1 [30080/50000 (60%)]	Loss: 1.282166
Train Epoch: 1 [30720/50000 (61%)]	Loss: 1.335629
Train Epoch: 1 [31360/50000 (63%)]	Loss: 1.309235
Train Epoch: 1 [32000/50000 (64%)]	Loss: 1.330293
Train Epoch: 1 [32640/50000 (65%)]	Loss: 1.334439
Train Epoch: 1 [33280/50000 (66%)]	Loss: 1.311307
Train Epoch: 1 [33920/50000 (68%)]	Loss: 1.530124
Train Epoch: 1 [34560/50000 (69%)]	Loss: 1.433805
Train Epoch: 1 [35200/50000 (70%)]	Loss: 1.541391
Train Epoch: 1 [35840/50000 (72%)]	Loss: 1.347703
Train Epoch: 1 [36480/50000 (73%)]	Loss: 1.530285
Train Epoch: 1 [37120/50000 (74%)]	Loss: 1.270398
Train Epoch: 1 [37760/50000 (75%)]	Loss: 1.742096
Train Epoch: 1 [38400/50000 (77%)]	Loss: 1.407102
Train Epoch: 1 [39040/50000 (78%)]	Loss: 1.430587
Train Epoch: 1 [39680/50000 (79%)]	Loss: 1.216106
Train Epoch: 1 [40320/50000 (81%)]	Loss: 1.345555
Train Epoch: 1 [40960/50000 (82%)]	Loss: 1.401856
Train Epoch: 1 [41600/50000 (83%)]	Loss: 1.365752
Train Epoch: 1 [42240/50000 (84%)]	Loss: 1.391138
Train Epoch: 1 [42880/50000 (86%)]	Loss: 1.172198
Train Epoch: 1 [43520/50000 (87%)]	Loss: 1.187354
Train Epoch: 1 [44160/50000 (88%)]	Loss: 1.263206
Train Epoch: 1 [44800/50000 (90%)]	Loss: 1.308459
Train Epoch: 1 [45440/50000 (91%)]	Loss: 1.332484
Train Epoch: 1 [46080/50000 (92%)]	Loss: 1.137548
Train Epoch: 1 [46720/50000 (93%)]	Loss: 1.475956
Train Epoch: 1 [47360/50000 (95%)]	Loss: 1.368508
Train Epoch: 1 [48000/50000 (96%)]	Loss: 1.081174
Train Epoch: 1 [48640/50000 (97%)]	Loss: 1.171550
Train Epoch: 1 [49280/50000 (98%)]	Loss: 1.300486
Train Epoch: 1 [49920/50000 (100%)]	Loss: 1.283393

Test set: Average loss: 1.1433, Accuracy: 6053/10000 (61%)

Train Epoch: 2 [0/50000 (0%)]	Loss: 1.299492
Train Epoch: 2 [640/50000 (1%)]	Loss: 1.217038
Train Epoch: 2 [1280/50000 (3%)]	Loss: 1.340636
Train Epoch: 2 [1920/50000 (4%)]	Loss: 1.085618
Train Epoch: 2 [2560/50000 (5%)]	Loss: 0.939176
Train Epoch: 2 [3200/50000 (6%)]	Loss: 1.153552
Train Epoch: 2 [3840/50000 (8%)]	Loss: 1.040802
Train Epoch: 2 [4480/50000 (9%)]	Loss: 1.050426
Train Epoch: 2 [5120/50000 (10%)]	Loss: 1.302109
Train Epoch: 2 [5760/50000 (12%)]	Loss: 1.550392
Train Epoch: 2 [6400/50000 (13%)]	Loss: 0.977335
Train Epoch: 2 [7040/50000 (14%)]	Loss: 1.260577
Train Epoch: 2 [7680/50000 (15%)]	Loss: 1.117027
Train Epoch: 2 [8320/50000 (17%)]	Loss: 1.204260
Train Epoch: 2 [8960/50000 (18%)]	Loss: 1.020096
Train Epoch: 2 [9600/50000 (19%)]	Loss: 1.152244
Train Epoch: 2 [10240/50000 (20%)]	Loss: 1.221006
Train Epoch: 2 [10880/50000 (22%)]	Loss: 1.005708
Train Epoch: 2 [11520/50000 (23%)]	Loss: 1.032506
Train Epoch: 2 [12160/50000 (24%)]	Loss: 1.150511
Train Epoch: 2 [12800/50000 (26%)]	Loss: 1.372600
Train Epoch: 2 [13440/50000 (27%)]	Loss: 1.130300
Train Epoch: 2 [14080/50000 (28%)]	Loss: 0.944133
Train Epoch: 2 [14720/50000 (29%)]	Loss: 1.033622
Train Epoch: 2 [15360/50000 (31%)]	Loss: 1.253956
Train Epoch: 2 [16000/50000 (32%)]	Loss: 0.825438
Train Epoch: 2 [16640/50000 (33%)]	Loss: 0.906669
Train Epoch: 2 [17280/50000 (35%)]	Loss: 1.089080
Train Epoch: 2 [17920/50000 (36%)]	Loss: 1.170463
Train Epoch: 2 [18560/50000 (37%)]	Loss: 1.156412
Train Epoch: 2 [19200/50000 (38%)]	Loss: 1.065275
Train Epoch: 2 [19840/50000 (40%)]	Loss: 1.184245
Train Epoch: 2 [20480/50000 (41%)]	Loss: 0.812693
Train Epoch: 2 [21120/50000 (42%)]	Loss: 1.127165
Train Epoch: 2 [21760/50000 (43%)]	Loss: 0.851179
Train Epoch: 2 [22400/50000 (45%)]	Loss: 1.058588
Train Epoch: 2 [23040/50000 (46%)]	Loss: 1.095815
Train Epoch: 2 [23680/50000 (47%)]	Loss: 0.943076
Train Epoch: 2 [24320/50000 (49%)]	Loss: 1.181471
Train Epoch: 2 [24960/50000 (50%)]	Loss: 1.268887
Train Epoch: 2 [25600/50000 (51%)]	Loss: 1.283539
Train Epoch: 2 [26240/50000 (52%)]	Loss: 1.166099
Train Epoch: 2 [26880/50000 (54%)]	Loss: 1.008885
Train Epoch: 2 [27520/50000 (55%)]	Loss: 1.141165
Train Epoch: 2 [28160/50000 (56%)]	Loss: 1.026584
Train Epoch: 2 [28800/50000 (58%)]	Loss: 1.062057
Train Epoch: 2 [29440/50000 (59%)]	Loss: 1.187206
Train Epoch: 2 [30080/50000 (60%)]	Loss: 1.038262
Train Epoch: 2 [30720/50000 (61%)]	Loss: 1.009961
Train Epoch: 2 [31360/50000 (63%)]	Loss: 1.073554
Train Epoch: 2 [32000/50000 (64%)]	Loss: 1.086947
Train Epoch: 2 [32640/50000 (65%)]	Loss: 1.013262
Train Epoch: 2 [33280/50000 (66%)]	Loss: 1.075022
Train Epoch: 2 [33920/50000 (68%)]	Loss: 0.950814
Train Epoch: 2 [34560/50000 (69%)]	Loss: 0.973054
Train Epoch: 2 [35200/50000 (70%)]	Loss: 1.332073
Train Epoch: 2 [35840/50000 (72%)]	Loss: 0.960620
Train Epoch: 2 [36480/50000 (73%)]	Loss: 1.054296
Train Epoch: 2 [37120/50000 (74%)]	Loss: 1.192235
Train Epoch: 2 [37760/50000 (75%)]	Loss: 1.078399
Train Epoch: 2 [38400/50000 (77%)]	Loss: 1.045227
Train Epoch: 2 [39040/50000 (78%)]	Loss: 1.177665
Train Epoch: 2 [39680/50000 (79%)]	Loss: 0.966933
Train Epoch: 2 [40320/50000 (81%)]	Loss: 0.994291
Train Epoch: 2 [40960/50000 (82%)]	Loss: 1.138605
Train Epoch: 2 [41600/50000 (83%)]	Loss: 1.044873
Train Epoch: 2 [42240/50000 (84%)]	Loss: 1.120821
Train Epoch: 2 [42880/50000 (86%)]	Loss: 1.022215
Train Epoch: 2 [43520/50000 (87%)]	Loss: 1.174397
Train Epoch: 2 [44160/50000 (88%)]	Loss: 1.514226
Train Epoch: 2 [44800/50000 (90%)]	Loss: 1.113541
Train Epoch: 2 [45440/50000 (91%)]	Loss: 1.287229
Train Epoch: 2 [46080/50000 (92%)]	Loss: 1.026670
Train Epoch: 2 [46720/50000 (93%)]	Loss: 1.214301
Train Epoch: 2 [47360/50000 (95%)]	Loss: 0.953297
Train Epoch: 2 [48000/50000 (96%)]	Loss: 1.229069
Train Epoch: 2 [48640/50000 (97%)]	Loss: 1.144178
Train Epoch: 2 [49280/50000 (98%)]	Loss: 1.057687
Train Epoch: 2 [49920/50000 (100%)]	Loss: 1.095026

Test set: Average loss: 1.0471, Accuracy: 6304/10000 (63%)

Train Epoch: 3 [0/50000 (0%)]	Loss: 0.830358
Train Epoch: 3 [640/50000 (1%)]	Loss: 1.008371
Train Epoch: 3 [1280/50000 (3%)]	Loss: 1.153188
Train Epoch: 3 [1920/50000 (4%)]	Loss: 0.851794
Train Epoch: 3 [2560/50000 (5%)]	Loss: 0.907302
Train Epoch: 3 [3200/50000 (6%)]	Loss: 0.883141
Train Epoch: 3 [3840/50000 (8%)]	Loss: 0.934900
Train Epoch: 3 [4480/50000 (9%)]	Loss: 0.933140
Train Epoch: 3 [5120/50000 (10%)]	Loss: 0.980533
Train Epoch: 3 [5760/50000 (12%)]	Loss: 0.846068
Train Epoch: 3 [6400/50000 (13%)]	Loss: 0.913559
Train Epoch: 3 [7040/50000 (14%)]	Loss: 1.057354
Train Epoch: 3 [7680/50000 (15%)]	Loss: 1.152905
Train Epoch: 3 [8320/50000 (17%)]	Loss: 0.941175
Train Epoch: 3 [8960/50000 (18%)]	Loss: 0.943078
Train Epoch: 3 [9600/50000 (19%)]	Loss: 1.004666
Train Epoch: 3 [10240/50000 (20%)]	Loss: 1.216009
Train Epoch: 3 [10880/50000 (22%)]	Loss: 1.068220
Train Epoch: 3 [11520/50000 (23%)]	Loss: 0.879453
Train Epoch: 3 [12160/50000 (24%)]	Loss: 1.114491
Train Epoch: 3 [12800/50000 (26%)]	Loss: 1.280680
Train Epoch: 3 [13440/50000 (27%)]	Loss: 0.979661
Train Epoch: 3 [14080/50000 (28%)]	Loss: 1.015810
Train Epoch: 3 [14720/50000 (29%)]	Loss: 1.107993
Train Epoch: 3 [15360/50000 (31%)]	Loss: 1.022467
Train Epoch: 3 [16000/50000 (32%)]	Loss: 0.875543
Train Epoch: 3 [16640/50000 (33%)]	Loss: 0.968231
Train Epoch: 3 [17280/50000 (35%)]	Loss: 0.923460
Train Epoch: 3 [17920/50000 (36%)]	Loss: 0.882093
Train Epoch: 3 [18560/50000 (37%)]	Loss: 0.983026
Train Epoch: 3 [19200/50000 (38%)]	Loss: 0.901001
Train Epoch: 3 [19840/50000 (40%)]	Loss: 1.054218
Train Epoch: 3 [20480/50000 (41%)]	Loss: 0.983406
Train Epoch: 3 [21120/50000 (42%)]	Loss: 1.176547
Train Epoch: 3 [21760/50000 (43%)]	Loss: 0.993935
Train Epoch: 3 [22400/50000 (45%)]	Loss: 1.040848
Train Epoch: 3 [23040/50000 (46%)]	Loss: 1.068849
Train Epoch: 3 [23680/50000 (47%)]	Loss: 1.089407
Train Epoch: 3 [24320/50000 (49%)]	Loss: 1.222693
Train Epoch: 3 [24960/50000 (50%)]	Loss: 0.893790
Train Epoch: 3 [25600/50000 (51%)]	Loss: 1.177852
Train Epoch: 3 [26240/50000 (52%)]	Loss: 1.041951
Train Epoch: 3 [26880/50000 (54%)]	Loss: 1.128311
Train Epoch: 3 [27520/50000 (55%)]	Loss: 1.020961
Train Epoch: 3 [28160/50000 (56%)]	Loss: 0.757243
Train Epoch: 3 [28800/50000 (58%)]	Loss: 0.929412
Train Epoch: 3 [29440/50000 (59%)]	Loss: 0.996068
Train Epoch: 3 [30080/50000 (60%)]	Loss: 1.061288
Train Epoch: 3 [30720/50000 (61%)]	Loss: 0.837465
Train Epoch: 3 [31360/50000 (63%)]	Loss: 0.620482
Train Epoch: 3 [32000/50000 (64%)]	Loss: 0.963107
Train Epoch: 3 [32640/50000 (65%)]	Loss: 1.226004
Train Epoch: 3 [33280/50000 (66%)]	Loss: 0.977526
Train Epoch: 3 [33920/50000 (68%)]	Loss: 0.791925
Train Epoch: 3 [34560/50000 (69%)]	Loss: 0.740787
Train Epoch: 3 [35200/50000 (70%)]	Loss: 0.749592
Train Epoch: 3 [35840/50000 (72%)]	Loss: 1.049760
Train Epoch: 3 [36480/50000 (73%)]	Loss: 0.937686
Train Epoch: 3 [37120/50000 (74%)]	Loss: 0.878855
Train Epoch: 3 [37760/50000 (75%)]	Loss: 0.926440
Train Epoch: 3 [38400/50000 (77%)]	Loss: 1.006175
Train Epoch: 3 [39040/50000 (78%)]	Loss: 1.067507
Train Epoch: 3 [39680/50000 (79%)]	Loss: 1.288823
Train Epoch: 3 [40320/50000 (81%)]	Loss: 0.862273
Train Epoch: 3 [40960/50000 (82%)]	Loss: 1.145574
Train Epoch: 3 [41600/50000 (83%)]	Loss: 0.972164
Train Epoch: 3 [42240/50000 (84%)]	Loss: 0.804381
Train Epoch: 3 [42880/50000 (86%)]	Loss: 0.941841
Train Epoch: 3 [43520/50000 (87%)]	Loss: 0.866290
Train Epoch: 3 [44160/50000 (88%)]	Loss: 1.036332
Train Epoch: 3 [44800/50000 (90%)]	Loss: 0.900028
Train Epoch: 3 [45440/50000 (91%)]	Loss: 1.018176
Train Epoch: 3 [46080/50000 (92%)]	Loss: 0.965257
Train Epoch: 3 [46720/50000 (93%)]	Loss: 0.953565
Train Epoch: 3 [47360/50000 (95%)]	Loss: 0.836645
Train Epoch: 3 [48000/50000 (96%)]	Loss: 1.051138
Train Epoch: 3 [48640/50000 (97%)]	Loss: 0.937634
Train Epoch: 3 [49280/50000 (98%)]	Loss: 1.124137
Train Epoch: 3 [49920/50000 (100%)]	Loss: 0.931304

Test set: Average loss: 0.9122, Accuracy: 6766/10000 (68%)

Train Epoch: 4 [0/50000 (0%)]	Loss: 0.920326
Train Epoch: 4 [640/50000 (1%)]	Loss: 0.891689
Train Epoch: 4 [1280/50000 (3%)]	Loss: 0.818399
Train Epoch: 4 [1920/50000 (4%)]	Loss: 0.907808
Train Epoch: 4 [2560/50000 (5%)]	Loss: 1.037743
Train Epoch: 4 [3200/50000 (6%)]	Loss: 0.838587
Train Epoch: 4 [3840/50000 (8%)]	Loss: 0.791642
Train Epoch: 4 [4480/50000 (9%)]	Loss: 0.644670
Train Epoch: 4 [5120/50000 (10%)]	Loss: 1.090197
Train Epoch: 4 [5760/50000 (12%)]	Loss: 1.062745
Train Epoch: 4 [6400/50000 (13%)]	Loss: 0.891558
Train Epoch: 4 [7040/50000 (14%)]	Loss: 0.766101
Train Epoch: 4 [7680/50000 (15%)]	Loss: 1.034123
Train Epoch: 4 [8320/50000 (17%)]	Loss: 0.901226
Train Epoch: 4 [8960/50000 (18%)]	Loss: 0.758179
Train Epoch: 4 [9600/50000 (19%)]	Loss: 0.981672
Train Epoch: 4 [10240/50000 (20%)]	Loss: 0.652435
Train Epoch: 4 [10880/50000 (22%)]	Loss: 1.156279
Train Epoch: 4 [11520/50000 (23%)]	Loss: 0.927477
Train Epoch: 4 [12160/50000 (24%)]	Loss: 0.965505
Train Epoch: 4 [12800/50000 (26%)]	Loss: 0.800748
Train Epoch: 4 [13440/50000 (27%)]	Loss: 0.858984
Train Epoch: 4 [14080/50000 (28%)]	Loss: 0.915550
Train Epoch: 4 [14720/50000 (29%)]	Loss: 1.009622
Train Epoch: 4 [15360/50000 (31%)]	Loss: 0.944724
Train Epoch: 4 [16000/50000 (32%)]	Loss: 0.778220
Train Epoch: 4 [16640/50000 (33%)]	Loss: 0.933912
Train Epoch: 4 [17280/50000 (35%)]	Loss: 0.828730
Train Epoch: 4 [17920/50000 (36%)]	Loss: 1.026015
Train Epoch: 4 [18560/50000 (37%)]	Loss: 1.061856
Train Epoch: 4 [19200/50000 (38%)]	Loss: 0.818382
Train Epoch: 4 [19840/50000 (40%)]	Loss: 0.843873
Train Epoch: 4 [20480/50000 (41%)]	Loss: 0.774997
Train Epoch: 4 [21120/50000 (42%)]	Loss: 0.860402
Train Epoch: 4 [21760/50000 (43%)]	Loss: 0.739492
Train Epoch: 4 [22400/50000 (45%)]	Loss: 0.710278
Train Epoch: 4 [23040/50000 (46%)]	Loss: 0.890156
Train Epoch: 4 [23680/50000 (47%)]	Loss: 0.786116
Train Epoch: 4 [24320/50000 (49%)]	Loss: 0.913698
Train Epoch: 4 [24960/50000 (50%)]	Loss: 0.711552
Train Epoch: 4 [25600/50000 (51%)]	Loss: 0.777911
Train Epoch: 4 [26240/50000 (52%)]	Loss: 1.116493
Train Epoch: 4 [26880/50000 (54%)]	Loss: 0.742861
Train Epoch: 4 [27520/50000 (55%)]	Loss: 0.605595
Train Epoch: 4 [28160/50000 (56%)]	Loss: 0.769761
Train Epoch: 4 [28800/50000 (58%)]	Loss: 0.994944
Train Epoch: 4 [29440/50000 (59%)]	Loss: 0.993596
Train Epoch: 4 [30080/50000 (60%)]	Loss: 0.691729
Train Epoch: 4 [30720/50000 (61%)]	Loss: 0.990080
Train Epoch: 4 [31360/50000 (63%)]	Loss: 0.934406
Train Epoch: 4 [32000/50000 (64%)]	Loss: 1.037947
Train Epoch: 4 [32640/50000 (65%)]	Loss: 0.645860
Train Epoch: 4 [33280/50000 (66%)]	Loss: 0.978299
Train Epoch: 4 [33920/50000 (68%)]	Loss: 0.971927
Train Epoch: 4 [34560/50000 (69%)]	Loss: 0.940675
Train Epoch: 4 [35200/50000 (70%)]	Loss: 1.344020
Train Epoch: 4 [35840/50000 (72%)]	Loss: 0.828544
Train Epoch: 4 [36480/50000 (73%)]	Loss: 0.869501
Train Epoch: 4 [37120/50000 (74%)]	Loss: 0.796310
Train Epoch: 4 [37760/50000 (75%)]	Loss: 1.066542
Train Epoch: 4 [38400/50000 (77%)]	Loss: 0.876896
Train Epoch: 4 [39040/50000 (78%)]	Loss: 0.717079
Train Epoch: 4 [39680/50000 (79%)]	Loss: 0.983733
Train Epoch: 4 [40320/50000 (81%)]	Loss: 0.893910
Train Epoch: 4 [40960/50000 (82%)]	Loss: 0.716843
Train Epoch: 4 [41600/50000 (83%)]	Loss: 1.069888
Train Epoch: 4 [42240/50000 (84%)]	Loss: 0.952523
Train Epoch: 4 [42880/50000 (86%)]	Loss: 0.860461
Train Epoch: 4 [43520/50000 (87%)]	Loss: 1.028532
Train Epoch: 4 [44160/50000 (88%)]	Loss: 0.986207
Train Epoch: 4 [44800/50000 (90%)]	Loss: 0.866278
Train Epoch: 4 [45440/50000 (91%)]	Loss: 1.076552
Train Epoch: 4 [46080/50000 (92%)]	Loss: 0.772177
Train Epoch: 4 [46720/50000 (93%)]	Loss: 0.696489
Train Epoch: 4 [47360/50000 (95%)]	Loss: 0.986997
Train Epoch: 4 [48000/50000 (96%)]	Loss: 0.825349
Train Epoch: 4 [48640/50000 (97%)]	Loss: 1.087949
Train Epoch: 4 [49280/50000 (98%)]	Loss: 0.767693
Train Epoch: 4 [49920/50000 (100%)]	Loss: 0.827890

Test set: Average loss: 0.9229, Accuracy: 6753/10000 (68%)

Train Epoch: 5 [0/50000 (0%)]	Loss: 0.829693
Train Epoch: 5 [640/50000 (1%)]	Loss: 0.728350
Train Epoch: 5 [1280/50000 (3%)]	Loss: 0.881129
Train Epoch: 5 [1920/50000 (4%)]	Loss: 0.666411
Train Epoch: 5 [2560/50000 (5%)]	Loss: 0.773617
Train Epoch: 5 [3200/50000 (6%)]	Loss: 0.872348
Train Epoch: 5 [3840/50000 (8%)]	Loss: 0.645070
Train Epoch: 5 [4480/50000 (9%)]	Loss: 0.747933
Train Epoch: 5 [5120/50000 (10%)]	Loss: 0.756445
Train Epoch: 5 [5760/50000 (12%)]	Loss: 0.736961
Train Epoch: 5 [6400/50000 (13%)]	Loss: 0.829004
Train Epoch: 5 [7040/50000 (14%)]	Loss: 1.108726
Train Epoch: 5 [7680/50000 (15%)]	Loss: 0.625648
Train Epoch: 5 [8320/50000 (17%)]	Loss: 0.757545
Train Epoch: 5 [8960/50000 (18%)]	Loss: 0.742340
Train Epoch: 5 [9600/50000 (19%)]	Loss: 0.712973
Train Epoch: 5 [10240/50000 (20%)]	Loss: 0.953294
Train Epoch: 5 [10880/50000 (22%)]	Loss: 0.954901
Train Epoch: 5 [11520/50000 (23%)]	Loss: 0.776006
Train Epoch: 5 [12160/50000 (24%)]	Loss: 0.696547
Train Epoch: 5 [12800/50000 (26%)]	Loss: 0.717235
Train Epoch: 5 [13440/50000 (27%)]	Loss: 0.796544
Train Epoch: 5 [14080/50000 (28%)]	Loss: 0.530503
Train Epoch: 5 [14720/50000 (29%)]	Loss: 0.834530
Train Epoch: 5 [15360/50000 (31%)]	Loss: 0.851866
Train Epoch: 5 [16000/50000 (32%)]	Loss: 0.650769
Train Epoch: 5 [16640/50000 (33%)]	Loss: 0.623967
Train Epoch: 5 [17280/50000 (35%)]	Loss: 0.592858
Train Epoch: 5 [17920/50000 (36%)]	Loss: 0.830029
Train Epoch: 5 [18560/50000 (37%)]	Loss: 0.784047
Train Epoch: 5 [19200/50000 (38%)]	Loss: 0.876131
Train Epoch: 5 [19840/50000 (40%)]	Loss: 0.799657
Train Epoch: 5 [20480/50000 (41%)]	Loss: 0.710928
Train Epoch: 5 [21120/50000 (42%)]	Loss: 0.753248
Train Epoch: 5 [21760/50000 (43%)]	Loss: 0.640699
Train Epoch: 5 [22400/50000 (45%)]	Loss: 0.767690
Train Epoch: 5 [23040/50000 (46%)]	Loss: 1.094439
Train Epoch: 5 [23680/50000 (47%)]	Loss: 0.883262
Train Epoch: 5 [24320/50000 (49%)]	Loss: 0.772486
Train Epoch: 5 [24960/50000 (50%)]	Loss: 0.826465
Train Epoch: 5 [25600/50000 (51%)]	Loss: 0.832677
Train Epoch: 5 [26240/50000 (52%)]	Loss: 0.766519
Train Epoch: 5 [26880/50000 (54%)]	Loss: 0.853738
Train Epoch: 5 [27520/50000 (55%)]	Loss: 0.902746
Train Epoch: 5 [28160/50000 (56%)]	Loss: 0.817135
Train Epoch: 5 [28800/50000 (58%)]	Loss: 0.780797
Train Epoch: 5 [29440/50000 (59%)]	Loss: 0.837165
Train Epoch: 5 [30080/50000 (60%)]	Loss: 0.596877
Train Epoch: 5 [30720/50000 (61%)]	Loss: 0.707478
Train Epoch: 5 [31360/50000 (63%)]	Loss: 0.679364
Train Epoch: 5 [32000/50000 (64%)]	Loss: 0.686222
Train Epoch: 5 [32640/50000 (65%)]	Loss: 0.710865
Train Epoch: 5 [33280/50000 (66%)]	Loss: 0.738310
Train Epoch: 5 [33920/50000 (68%)]	Loss: 0.674929
Train Epoch: 5 [34560/50000 (69%)]	Loss: 0.868197
Train Epoch: 5 [35200/50000 (70%)]	Loss: 0.837879
Train Epoch: 5 [35840/50000 (72%)]	Loss: 0.724370
Train Epoch: 5 [36480/50000 (73%)]	Loss: 0.877710
Train Epoch: 5 [37120/50000 (74%)]	Loss: 0.867794
Train Epoch: 5 [37760/50000 (75%)]	Loss: 0.746115
Train Epoch: 5 [38400/50000 (77%)]	Loss: 0.830047
Train Epoch: 5 [39040/50000 (78%)]	Loss: 0.902978
Train Epoch: 5 [39680/50000 (79%)]	Loss: 0.825545
Train Epoch: 5 [40320/50000 (81%)]	Loss: 0.843061
Train Epoch: 5 [40960/50000 (82%)]	Loss: 0.742779
Train Epoch: 5 [41600/50000 (83%)]	Loss: 0.795064
Train Epoch: 5 [42240/50000 (84%)]	Loss: 0.711677
Train Epoch: 5 [42880/50000 (86%)]	Loss: 0.836847
Train Epoch: 5 [43520/50000 (87%)]	Loss: 0.609846
Train Epoch: 5 [44160/50000 (88%)]	Loss: 0.811642
Train Epoch: 5 [44800/50000 (90%)]	Loss: 0.823407
Train Epoch: 5 [45440/50000 (91%)]	Loss: 0.816273
Train Epoch: 5 [46080/50000 (92%)]	Loss: 0.716230
Train Epoch: 5 [46720/50000 (93%)]	Loss: 0.693515
Train Epoch: 5 [47360/50000 (95%)]	Loss: 0.899675
Train Epoch: 5 [48000/50000 (96%)]	Loss: 0.731175
Train Epoch: 5 [48640/50000 (97%)]	Loss: 1.151696
Train Epoch: 5 [49280/50000 (98%)]	Loss: 0.745897
Train Epoch: 5 [49920/50000 (100%)]	Loss: 0.879065

Test set: Average loss: 0.8603, Accuracy: 7003/10000 (70%)

Train Epoch: 6 [0/50000 (0%)]	Loss: 0.866994
Train Epoch: 6 [640/50000 (1%)]	Loss: 0.715634
Train Epoch: 6 [1280/50000 (3%)]	Loss: 0.805144
Train Epoch: 6 [1920/50000 (4%)]	Loss: 1.015641
Train Epoch: 6 [2560/50000 (5%)]	Loss: 0.508158
Train Epoch: 6 [3200/50000 (6%)]	Loss: 0.642824
Train Epoch: 6 [3840/50000 (8%)]	Loss: 0.631697
Train Epoch: 6 [4480/50000 (9%)]	Loss: 0.860048
Train Epoch: 6 [5120/50000 (10%)]	Loss: 0.554467
Train Epoch: 6 [5760/50000 (12%)]	Loss: 1.071839
Train Epoch: 6 [6400/50000 (13%)]	Loss: 0.571479
Train Epoch: 6 [7040/50000 (14%)]	Loss: 0.898507
Train Epoch: 6 [7680/50000 (15%)]	Loss: 0.677352
Train Epoch: 6 [8320/50000 (17%)]	Loss: 0.823577
Train Epoch: 6 [8960/50000 (18%)]	Loss: 0.704893
Train Epoch: 6 [9600/50000 (19%)]	Loss: 0.876142
Train Epoch: 6 [10240/50000 (20%)]	Loss: 0.754776
Train Epoch: 6 [10880/50000 (22%)]	Loss: 0.643442
Train Epoch: 6 [11520/50000 (23%)]	Loss: 0.719150
Train Epoch: 6 [12160/50000 (24%)]	Loss: 0.443876
Train Epoch: 6 [12800/50000 (26%)]	Loss: 0.726461
Train Epoch: 6 [13440/50000 (27%)]	Loss: 0.551576
Train Epoch: 6 [14080/50000 (28%)]	Loss: 0.828846
Train Epoch: 6 [14720/50000 (29%)]	Loss: 0.826925
Train Epoch: 6 [15360/50000 (31%)]	Loss: 0.560389
Train Epoch: 6 [16000/50000 (32%)]	Loss: 0.903913
Train Epoch: 6 [16640/50000 (33%)]	Loss: 0.686681
Train Epoch: 6 [17280/50000 (35%)]	Loss: 0.599479
Train Epoch: 6 [17920/50000 (36%)]	Loss: 0.698572
Train Epoch: 6 [18560/50000 (37%)]	Loss: 0.689764
Train Epoch: 6 [19200/50000 (38%)]	Loss: 0.515247
Train Epoch: 6 [19840/50000 (40%)]	Loss: 0.671009
Train Epoch: 6 [20480/50000 (41%)]	Loss: 0.800798
Train Epoch: 6 [21120/50000 (42%)]	Loss: 0.711774
Train Epoch: 6 [21760/50000 (43%)]	Loss: 0.834536
Train Epoch: 6 [22400/50000 (45%)]	Loss: 0.737309
Train Epoch: 6 [23040/50000 (46%)]	Loss: 0.764169
Train Epoch: 6 [23680/50000 (47%)]	Loss: 0.693330
Train Epoch: 6 [24320/50000 (49%)]	Loss: 0.702471
Train Epoch: 6 [24960/50000 (50%)]	Loss: 1.080133
Train Epoch: 6 [25600/50000 (51%)]	Loss: 0.720995
Train Epoch: 6 [26240/50000 (52%)]	Loss: 0.856066
Train Epoch: 6 [26880/50000 (54%)]	Loss: 0.953784
Train Epoch: 6 [27520/50000 (55%)]	Loss: 0.811099
Train Epoch: 6 [28160/50000 (56%)]	Loss: 0.540844
Train Epoch: 6 [28800/50000 (58%)]	Loss: 0.859865
Train Epoch: 6 [29440/50000 (59%)]	Loss: 0.723743
Train Epoch: 6 [30080/50000 (60%)]	Loss: 0.846514
Train Epoch: 6 [30720/50000 (61%)]	Loss: 0.601001
Train Epoch: 6 [31360/50000 (63%)]	Loss: 0.689926
Train Epoch: 6 [32000/50000 (64%)]	Loss: 0.806533
Train Epoch: 6 [32640/50000 (65%)]	Loss: 0.748577
Train Epoch: 6 [33280/50000 (66%)]	Loss: 0.787542
Train Epoch: 6 [33920/50000 (68%)]	Loss: 0.810714
Train Epoch: 6 [34560/50000 (69%)]	Loss: 0.922112
Train Epoch: 6 [35200/50000 (70%)]	Loss: 0.867581
Train Epoch: 6 [35840/50000 (72%)]	Loss: 0.649437
Train Epoch: 6 [36480/50000 (73%)]	Loss: 0.638310
Train Epoch: 6 [37120/50000 (74%)]	Loss: 0.831996
Train Epoch: 6 [37760/50000 (75%)]	Loss: 0.809767
Train Epoch: 6 [38400/50000 (77%)]	Loss: 0.708879
Train Epoch: 6 [39040/50000 (78%)]	Loss: 0.659395
Train Epoch: 6 [39680/50000 (79%)]	Loss: 0.712248
Train Epoch: 6 [40320/50000 (81%)]	Loss: 0.539581
Train Epoch: 6 [40960/50000 (82%)]	Loss: 0.652838
Train Epoch: 6 [41600/50000 (83%)]	Loss: 0.787475
Train Epoch: 6 [42240/50000 (84%)]	Loss: 0.865333
Train Epoch: 6 [42880/50000 (86%)]	Loss: 0.784253
Train Epoch: 6 [43520/50000 (87%)]	Loss: 0.872188
Train Epoch: 6 [44160/50000 (88%)]	Loss: 0.873024
Train Epoch: 6 [44800/50000 (90%)]	Loss: 0.618620
Train Epoch: 6 [45440/50000 (91%)]	Loss: 0.792459
Train Epoch: 6 [46080/50000 (92%)]	Loss: 0.610821
Train Epoch: 6 [46720/50000 (93%)]	Loss: 0.893863
Train Epoch: 6 [47360/50000 (95%)]	Loss: 0.939477
Train Epoch: 6 [48000/50000 (96%)]	Loss: 0.694444
Train Epoch: 6 [48640/50000 (97%)]	Loss: 0.687813
Train Epoch: 6 [49280/50000 (98%)]	Loss: 0.816339
Train Epoch: 6 [49920/50000 (100%)]	Loss: 0.952677

Test set: Average loss: 0.8392, Accuracy: 7122/10000 (71%)

Train Epoch: 7 [0/50000 (0%)]	Loss: 0.719892
Train Epoch: 7 [640/50000 (1%)]	Loss: 0.691725
Train Epoch: 7 [1280/50000 (3%)]	Loss: 0.614686
Train Epoch: 7 [1920/50000 (4%)]	Loss: 0.741315
Train Epoch: 7 [2560/50000 (5%)]	Loss: 0.779721
Train Epoch: 7 [3200/50000 (6%)]	Loss: 0.715785
Train Epoch: 7 [3840/50000 (8%)]	Loss: 0.668897
Train Epoch: 7 [4480/50000 (9%)]	Loss: 0.482132
Train Epoch: 7 [5120/50000 (10%)]	Loss: 0.379033
Train Epoch: 7 [5760/50000 (12%)]	Loss: 0.369872
Train Epoch: 7 [6400/50000 (13%)]	Loss: 0.578964
Train Epoch: 7 [7040/50000 (14%)]	Loss: 0.766642
Train Epoch: 7 [7680/50000 (15%)]	Loss: 0.808103
Train Epoch: 7 [8320/50000 (17%)]	Loss: 0.555780
Train Epoch: 7 [8960/50000 (18%)]	Loss: 0.603504
Train Epoch: 7 [9600/50000 (19%)]	Loss: 0.721859
Train Epoch: 7 [10240/50000 (20%)]	Loss: 0.652362
Train Epoch: 7 [10880/50000 (22%)]	Loss: 0.503409
Train Epoch: 7 [11520/50000 (23%)]	Loss: 0.725554
Train Epoch: 7 [12160/50000 (24%)]	Loss: 0.558148
Train Epoch: 7 [12800/50000 (26%)]	Loss: 0.763643
Train Epoch: 7 [13440/50000 (27%)]	Loss: 0.702731
Train Epoch: 7 [14080/50000 (28%)]	Loss: 0.927200
Train Epoch: 7 [14720/50000 (29%)]	Loss: 0.588871
Train Epoch: 7 [15360/50000 (31%)]	Loss: 0.454930
Train Epoch: 7 [16000/50000 (32%)]	Loss: 0.660676
Train Epoch: 7 [16640/50000 (33%)]	Loss: 0.678868
Train Epoch: 7 [17280/50000 (35%)]	Loss: 0.650701
Train Epoch: 7 [17920/50000 (36%)]	Loss: 0.862422
Train Epoch: 7 [18560/50000 (37%)]	Loss: 0.790910
Train Epoch: 7 [19200/50000 (38%)]	Loss: 0.622234
Train Epoch: 7 [19840/50000 (40%)]	Loss: 0.824696
Train Epoch: 7 [20480/50000 (41%)]	Loss: 0.599298
Train Epoch: 7 [21120/50000 (42%)]	Loss: 0.754332
Train Epoch: 7 [21760/50000 (43%)]	Loss: 0.859685
Train Epoch: 7 [22400/50000 (45%)]	Loss: 0.645520
Train Epoch: 7 [23040/50000 (46%)]	Loss: 0.678894
Train Epoch: 7 [23680/50000 (47%)]	Loss: 0.612877
Train Epoch: 7 [24320/50000 (49%)]	Loss: 0.713977
Train Epoch: 7 [24960/50000 (50%)]	Loss: 0.600294
Train Epoch: 7 [25600/50000 (51%)]	Loss: 0.610543
Train Epoch: 7 [26240/50000 (52%)]	Loss: 0.707638
Train Epoch: 7 [26880/50000 (54%)]	Loss: 0.722744
Train Epoch: 7 [27520/50000 (55%)]	Loss: 0.922519
Train Epoch: 7 [28160/50000 (56%)]	Loss: 0.755026
Train Epoch: 7 [28800/50000 (58%)]	Loss: 0.770678
Train Epoch: 7 [29440/50000 (59%)]	Loss: 0.493937
Train Epoch: 7 [30080/50000 (60%)]	Loss: 0.677250
Train Epoch: 7 [30720/50000 (61%)]	Loss: 0.686842
Train Epoch: 7 [31360/50000 (63%)]	Loss: 0.599906
Train Epoch: 7 [32000/50000 (64%)]	Loss: 0.854847
Train Epoch: 7 [32640/50000 (65%)]	Loss: 0.681174
Train Epoch: 7 [33280/50000 (66%)]	Loss: 0.818526
Train Epoch: 7 [33920/50000 (68%)]	Loss: 0.785321
Train Epoch: 7 [34560/50000 (69%)]	Loss: 1.071319
Train Epoch: 7 [35200/50000 (70%)]	Loss: 0.707889
Train Epoch: 7 [35840/50000 (72%)]	Loss: 0.483316
Train Epoch: 7 [36480/50000 (73%)]	Loss: 0.727816
Train Epoch: 7 [37120/50000 (74%)]	Loss: 0.616505
Train Epoch: 7 [37760/50000 (75%)]	Loss: 0.468870
Train Epoch: 7 [38400/50000 (77%)]	Loss: 0.722622
Train Epoch: 7 [39040/50000 (78%)]	Loss: 0.663972
Train Epoch: 7 [39680/50000 (79%)]	Loss: 0.625839
Train Epoch: 7 [40320/50000 (81%)]	Loss: 0.927325
Train Epoch: 7 [40960/50000 (82%)]	Loss: 0.768753
Train Epoch: 7 [41600/50000 (83%)]	Loss: 0.807660
Train Epoch: 7 [42240/50000 (84%)]	Loss: 0.584014
Train Epoch: 7 [42880/50000 (86%)]	Loss: 0.774375
Train Epoch: 7 [43520/50000 (87%)]	Loss: 0.802223
Train Epoch: 7 [44160/50000 (88%)]	Loss: 0.653602
Train Epoch: 7 [44800/50000 (90%)]	Loss: 0.724384
Train Epoch: 7 [45440/50000 (91%)]	Loss: 0.603315
Train Epoch: 7 [46080/50000 (92%)]	Loss: 0.837829
Train Epoch: 7 [46720/50000 (93%)]	Loss: 0.600098
Train Epoch: 7 [47360/50000 (95%)]	Loss: 0.657651
Train Epoch: 7 [48000/50000 (96%)]	Loss: 0.659787
Train Epoch: 7 [48640/50000 (97%)]	Loss: 1.042201
Train Epoch: 7 [49280/50000 (98%)]	Loss: 0.760423
Train Epoch: 7 [49920/50000 (100%)]	Loss: 0.801257

Test set: Average loss: 0.8285, Accuracy: 7181/10000 (72%)

Train Epoch: 8 [0/50000 (0%)]	Loss: 0.780125
Train Epoch: 8 [640/50000 (1%)]	Loss: 0.673551
Train Epoch: 8 [1280/50000 (3%)]	Loss: 0.784510
Train Epoch: 8 [1920/50000 (4%)]	Loss: 0.647015
Train Epoch: 8 [2560/50000 (5%)]	Loss: 0.839369
Train Epoch: 8 [3200/50000 (6%)]	Loss: 0.605770
Train Epoch: 8 [3840/50000 (8%)]	Loss: 0.625514
Train Epoch: 8 [4480/50000 (9%)]	Loss: 0.812252
Train Epoch: 8 [5120/50000 (10%)]	Loss: 0.677467
Train Epoch: 8 [5760/50000 (12%)]	Loss: 0.511765
Train Epoch: 8 [6400/50000 (13%)]	Loss: 0.874622
Train Epoch: 8 [7040/50000 (14%)]	Loss: 0.654284
Train Epoch: 8 [7680/50000 (15%)]	Loss: 0.888402
Train Epoch: 8 [8320/50000 (17%)]	Loss: 0.698190
Train Epoch: 8 [8960/50000 (18%)]	Loss: 0.743079
Train Epoch: 8 [9600/50000 (19%)]	Loss: 0.770987
Train Epoch: 8 [10240/50000 (20%)]	Loss: 0.729091
Train Epoch: 8 [10880/50000 (22%)]	Loss: 0.628325
Train Epoch: 8 [11520/50000 (23%)]	Loss: 0.803946
Train Epoch: 8 [12160/50000 (24%)]	Loss: 0.641004
Train Epoch: 8 [12800/50000 (26%)]	Loss: 0.731799
Train Epoch: 8 [13440/50000 (27%)]	Loss: 0.736991
Train Epoch: 8 [14080/50000 (28%)]	Loss: 0.739368
Train Epoch: 8 [14720/50000 (29%)]	Loss: 0.434956
Train Epoch: 8 [15360/50000 (31%)]	Loss: 0.741474
Train Epoch: 8 [16000/50000 (32%)]	Loss: 0.624068
Train Epoch: 8 [16640/50000 (33%)]	Loss: 0.478835
Train Epoch: 8 [17280/50000 (35%)]	Loss: 0.686879
Train Epoch: 8 [17920/50000 (36%)]	Loss: 0.797510
Train Epoch: 8 [18560/50000 (37%)]	Loss: 0.730411
Train Epoch: 8 [19200/50000 (38%)]	Loss: 0.765391
Train Epoch: 8 [19840/50000 (40%)]	Loss: 0.730128
Train Epoch: 8 [20480/50000 (41%)]	Loss: 0.850335
Train Epoch: 8 [21120/50000 (42%)]	Loss: 0.908870
Train Epoch: 8 [21760/50000 (43%)]	Loss: 0.558367
Train Epoch: 8 [22400/50000 (45%)]	Loss: 0.631442
Train Epoch: 8 [23040/50000 (46%)]	Loss: 0.648993
Train Epoch: 8 [23680/50000 (47%)]	Loss: 0.795011
Train Epoch: 8 [24320/50000 (49%)]	Loss: 0.707424
Train Epoch: 8 [24960/50000 (50%)]	Loss: 0.452499
Train Epoch: 8 [25600/50000 (51%)]	Loss: 0.742161
Train Epoch: 8 [26240/50000 (52%)]	Loss: 0.904540
Train Epoch: 8 [26880/50000 (54%)]	Loss: 0.667171
Train Epoch: 8 [27520/50000 (55%)]	Loss: 0.739772
Train Epoch: 8 [28160/50000 (56%)]	Loss: 0.818548
Train Epoch: 8 [28800/50000 (58%)]	Loss: 0.692315
Train Epoch: 8 [29440/50000 (59%)]	Loss: 0.776971
Train Epoch: 8 [30080/50000 (60%)]	Loss: 0.846219
Train Epoch: 8 [30720/50000 (61%)]	Loss: 0.810018
Train Epoch: 8 [31360/50000 (63%)]	Loss: 0.467003
Train Epoch: 8 [32000/50000 (64%)]	Loss: 0.748277
Train Epoch: 8 [32640/50000 (65%)]	Loss: 0.419006
Train Epoch: 8 [33280/50000 (66%)]	Loss: 0.576277
Train Epoch: 8 [33920/50000 (68%)]	Loss: 0.847659
Train Epoch: 8 [34560/50000 (69%)]	Loss: 0.789674
Train Epoch: 8 [35200/50000 (70%)]	Loss: 0.637322
Train Epoch: 8 [35840/50000 (72%)]	Loss: 0.724063
Train Epoch: 8 [36480/50000 (73%)]	Loss: 0.668014
Train Epoch: 8 [37120/50000 (74%)]	Loss: 0.770548
Train Epoch: 8 [37760/50000 (75%)]	Loss: 0.667191
Train Epoch: 8 [38400/50000 (77%)]	Loss: 0.963990
Train Epoch: 8 [39040/50000 (78%)]	Loss: 0.499328
Train Epoch: 8 [39680/50000 (79%)]	Loss: 0.871671
Train Epoch: 8 [40320/50000 (81%)]	Loss: 0.698858
Train Epoch: 8 [40960/50000 (82%)]	Loss: 0.763098
Train Epoch: 8 [41600/50000 (83%)]	Loss: 0.790352
Train Epoch: 8 [42240/50000 (84%)]	Loss: 0.625671
Train Epoch: 8 [42880/50000 (86%)]	Loss: 0.898930
Train Epoch: 8 [43520/50000 (87%)]	Loss: 0.573425
Train Epoch: 8 [44160/50000 (88%)]	Loss: 0.453471
Train Epoch: 8 [44800/50000 (90%)]	Loss: 1.038393
Train Epoch: 8 [45440/50000 (91%)]	Loss: 0.634431
Train Epoch: 8 [46080/50000 (92%)]	Loss: 0.874139
Train Epoch: 8 [46720/50000 (93%)]	Loss: 0.669968
Train Epoch: 8 [47360/50000 (95%)]	Loss: 0.567001
Train Epoch: 8 [48000/50000 (96%)]	Loss: 0.919251
Train Epoch: 8 [48640/50000 (97%)]	Loss: 0.756774
Train Epoch: 8 [49280/50000 (98%)]	Loss: 0.717413
Train Epoch: 8 [49920/50000 (100%)]	Loss: 0.809374

Test set: Average loss: 0.8198, Accuracy: 7188/10000 (72%)

Train Epoch: 9 [0/50000 (0%)]	Loss: 0.738318
Train Epoch: 9 [640/50000 (1%)]	Loss: 0.564562
Train Epoch: 9 [1280/50000 (3%)]	Loss: 0.538483
Train Epoch: 9 [1920/50000 (4%)]	Loss: 0.661380
Train Epoch: 9 [2560/50000 (5%)]	Loss: 0.499393
Train Epoch: 9 [3200/50000 (6%)]	Loss: 0.787890
Train Epoch: 9 [3840/50000 (8%)]	Loss: 0.627855
Train Epoch: 9 [4480/50000 (9%)]	Loss: 0.674655
Train Epoch: 9 [5120/50000 (10%)]	Loss: 0.880294
Train Epoch: 9 [5760/50000 (12%)]	Loss: 0.465264
Train Epoch: 9 [6400/50000 (13%)]	Loss: 0.572606
Train Epoch: 9 [7040/50000 (14%)]	Loss: 0.490229
Train Epoch: 9 [7680/50000 (15%)]	Loss: 0.656802
Train Epoch: 9 [8320/50000 (17%)]	Loss: 0.591137
Train Epoch: 9 [8960/50000 (18%)]	Loss: 0.634035
Train Epoch: 9 [9600/50000 (19%)]	Loss: 0.512655
Train Epoch: 9 [10240/50000 (20%)]	Loss: 0.832260
Train Epoch: 9 [10880/50000 (22%)]	Loss: 0.627942
Train Epoch: 9 [11520/50000 (23%)]	Loss: 0.496044
Train Epoch: 9 [12160/50000 (24%)]	Loss: 0.677706
Train Epoch: 9 [12800/50000 (26%)]	Loss: 0.629382
Train Epoch: 9 [13440/50000 (27%)]	Loss: 0.676630
Train Epoch: 9 [14080/50000 (28%)]	Loss: 0.897476
Train Epoch: 9 [14720/50000 (29%)]	Loss: 0.765259
Train Epoch: 9 [15360/50000 (31%)]	Loss: 0.517824
Train Epoch: 9 [16000/50000 (32%)]	Loss: 0.760322
Train Epoch: 9 [16640/50000 (33%)]	Loss: 0.617710
Train Epoch: 9 [17280/50000 (35%)]	Loss: 0.633964
Train Epoch: 9 [17920/50000 (36%)]	Loss: 0.541275
Train Epoch: 9 [18560/50000 (37%)]	Loss: 0.723907
Train Epoch: 9 [19200/50000 (38%)]	Loss: 0.451218
Train Epoch: 9 [19840/50000 (40%)]	Loss: 0.725642
Train Epoch: 9 [20480/50000 (41%)]	Loss: 0.649268
Train Epoch: 9 [21120/50000 (42%)]	Loss: 0.734871
Train Epoch: 9 [21760/50000 (43%)]	Loss: 0.692576
Train Epoch: 9 [22400/50000 (45%)]	Loss: 0.448682
Train Epoch: 9 [23040/50000 (46%)]	Loss: 0.782454
Train Epoch: 9 [23680/50000 (47%)]	Loss: 0.557249
Train Epoch: 9 [24320/50000 (49%)]	Loss: 0.524756
Train Epoch: 9 [24960/50000 (50%)]	Loss: 0.628258
Train Epoch: 9 [25600/50000 (51%)]	Loss: 0.629524
Train Epoch: 9 [26240/50000 (52%)]	Loss: 0.587994
Train Epoch: 9 [26880/50000 (54%)]	Loss: 0.618632
Train Epoch: 9 [27520/50000 (55%)]	Loss: 0.506145
Train Epoch: 9 [28160/50000 (56%)]	Loss: 0.800097
Train Epoch: 9 [28800/50000 (58%)]	Loss: 0.615821
Train Epoch: 9 [29440/50000 (59%)]	Loss: 0.564312
Train Epoch: 9 [30080/50000 (60%)]	Loss: 1.073113
Train Epoch: 9 [30720/50000 (61%)]	Loss: 0.787569
Train Epoch: 9 [31360/50000 (63%)]	Loss: 0.671216
Train Epoch: 9 [32000/50000 (64%)]	Loss: 0.665306
Train Epoch: 9 [32640/50000 (65%)]	Loss: 0.676498
Train Epoch: 9 [33280/50000 (66%)]	Loss: 0.663303
Train Epoch: 9 [33920/50000 (68%)]	Loss: 0.514134
Train Epoch: 9 [34560/50000 (69%)]	Loss: 0.849451
Train Epoch: 9 [35200/50000 (70%)]	Loss: 0.813675
Train Epoch: 9 [35840/50000 (72%)]	Loss: 0.747855
Train Epoch: 9 [36480/50000 (73%)]	Loss: 0.662767
Train Epoch: 9 [37120/50000 (74%)]	Loss: 0.645831
Train Epoch: 9 [37760/50000 (75%)]	Loss: 0.467086
Train Epoch: 9 [38400/50000 (77%)]	Loss: 0.603521
Train Epoch: 9 [39040/50000 (78%)]	Loss: 0.901281
Train Epoch: 9 [39680/50000 (79%)]	Loss: 0.676235
Train Epoch: 9 [40320/50000 (81%)]	Loss: 0.646723
Train Epoch: 9 [40960/50000 (82%)]	Loss: 0.613014
Train Epoch: 9 [41600/50000 (83%)]	Loss: 0.742653
Train Epoch: 9 [42240/50000 (84%)]	Loss: 0.540669
Train Epoch: 9 [42880/50000 (86%)]	Loss: 0.506105
Train Epoch: 9 [43520/50000 (87%)]	Loss: 0.680007
Train Epoch: 9 [44160/50000 (88%)]	Loss: 0.781478
Train Epoch: 9 [44800/50000 (90%)]	Loss: 0.831127
Train Epoch: 9 [45440/50000 (91%)]	Loss: 0.479436
Train Epoch: 9 [46080/50000 (92%)]	Loss: 0.601681
Train Epoch: 9 [46720/50000 (93%)]	Loss: 0.956062
Train Epoch: 9 [47360/50000 (95%)]	Loss: 0.701855
Train Epoch: 9 [48000/50000 (96%)]	Loss: 0.536729
Train Epoch: 9 [48640/50000 (97%)]	Loss: 0.756272
Train Epoch: 9 [49280/50000 (98%)]	Loss: 0.585760
Train Epoch: 9 [49920/50000 (100%)]	Loss: 0.652054

Test set: Average loss: 0.8137, Accuracy: 7170/10000 (72%)

Train Epoch: 10 [0/50000 (0%)]	Loss: 0.710432
Train Epoch: 10 [640/50000 (1%)]	Loss: 0.643821
Train Epoch: 10 [1280/50000 (3%)]	Loss: 0.611782
Train Epoch: 10 [1920/50000 (4%)]	Loss: 0.809814
Train Epoch: 10 [2560/50000 (5%)]	Loss: 0.610879
Train Epoch: 10 [3200/50000 (6%)]	Loss: 0.921883
Train Epoch: 10 [3840/50000 (8%)]	Loss: 0.599403
Train Epoch: 10 [4480/50000 (9%)]	Loss: 0.768208
Train Epoch: 10 [5120/50000 (10%)]	Loss: 0.645080
Train Epoch: 10 [5760/50000 (12%)]	Loss: 0.463485
Train Epoch: 10 [6400/50000 (13%)]	Loss: 0.666524
Train Epoch: 10 [7040/50000 (14%)]	Loss: 0.613008
Train Epoch: 10 [7680/50000 (15%)]	Loss: 0.683836
Train Epoch: 10 [8320/50000 (17%)]	Loss: 0.619361
Train Epoch: 10 [8960/50000 (18%)]	Loss: 0.552480
Train Epoch: 10 [9600/50000 (19%)]	Loss: 0.796881
Train Epoch: 10 [10240/50000 (20%)]	Loss: 0.700308
Train Epoch: 10 [10880/50000 (22%)]	Loss: 0.638285
Train Epoch: 10 [11520/50000 (23%)]	Loss: 0.543736
Train Epoch: 10 [12160/50000 (24%)]	Loss: 0.548219
Train Epoch: 10 [12800/50000 (26%)]	Loss: 0.926572
Train Epoch: 10 [13440/50000 (27%)]	Loss: 0.474628
Train Epoch: 10 [14080/50000 (28%)]	Loss: 0.490553
Train Epoch: 10 [14720/50000 (29%)]	Loss: 0.613063
Train Epoch: 10 [15360/50000 (31%)]	Loss: 0.820763
Train Epoch: 10 [16000/50000 (32%)]	Loss: 0.540881
Train Epoch: 10 [16640/50000 (33%)]	Loss: 0.678823
Train Epoch: 10 [17280/50000 (35%)]	Loss: 0.882592
Train Epoch: 10 [17920/50000 (36%)]	Loss: 0.728789
Train Epoch: 10 [18560/50000 (37%)]	Loss: 0.582517
Train Epoch: 10 [19200/50000 (38%)]	Loss: 0.670931
Train Epoch: 10 [19840/50000 (40%)]	Loss: 0.505971
Train Epoch: 10 [20480/50000 (41%)]	Loss: 0.701585
Train Epoch: 10 [21120/50000 (42%)]	Loss: 0.526578
Train Epoch: 10 [21760/50000 (43%)]	Loss: 0.654748
Train Epoch: 10 [22400/50000 (45%)]	Loss: 0.741889
Train Epoch: 10 [23040/50000 (46%)]	Loss: 0.601985
Train Epoch: 10 [23680/50000 (47%)]	Loss: 0.601738
Train Epoch: 10 [24320/50000 (49%)]	Loss: 0.696982
Train Epoch: 10 [24960/50000 (50%)]	Loss: 0.837710
Train Epoch: 10 [25600/50000 (51%)]	Loss: 0.835673
Train Epoch: 10 [26240/50000 (52%)]	Loss: 0.709438
Train Epoch: 10 [26880/50000 (54%)]	Loss: 0.484376
Train Epoch: 10 [27520/50000 (55%)]	Loss: 0.877178
Train Epoch: 10 [28160/50000 (56%)]	Loss: 0.607515
Train Epoch: 10 [28800/50000 (58%)]	Loss: 0.958507
Train Epoch: 10 [29440/50000 (59%)]	Loss: 0.860011
Train Epoch: 10 [30080/50000 (60%)]	Loss: 0.609457
Train Epoch: 10 [30720/50000 (61%)]	Loss: 0.603418
Train Epoch: 10 [31360/50000 (63%)]	Loss: 0.493409
Train Epoch: 10 [32000/50000 (64%)]	Loss: 0.696739
Train Epoch: 10 [32640/50000 (65%)]	Loss: 0.837608
Train Epoch: 10 [33280/50000 (66%)]	Loss: 0.500319
Train Epoch: 10 [33920/50000 (68%)]	Loss: 0.685912
Train Epoch: 10 [34560/50000 (69%)]	Loss: 0.547898
Train Epoch: 10 [35200/50000 (70%)]	Loss: 0.862764
Train Epoch: 10 [35840/50000 (72%)]	Loss: 0.633025
Train Epoch: 10 [36480/50000 (73%)]	Loss: 0.762525
Train Epoch: 10 [37120/50000 (74%)]	Loss: 0.673061
Train Epoch: 10 [37760/50000 (75%)]	Loss: 0.632467
Train Epoch: 10 [38400/50000 (77%)]	Loss: 0.557725
Train Epoch: 10 [39040/50000 (78%)]	Loss: 0.585892
Train Epoch: 10 [39680/50000 (79%)]	Loss: 0.508001
Train Epoch: 10 [40320/50000 (81%)]	Loss: 0.600891
Train Epoch: 10 [40960/50000 (82%)]	Loss: 0.386325
Train Epoch: 10 [41600/50000 (83%)]	Loss: 0.676927
Train Epoch: 10 [42240/50000 (84%)]	Loss: 0.784745
Train Epoch: 10 [42880/50000 (86%)]	Loss: 0.710064
Train Epoch: 10 [43520/50000 (87%)]	Loss: 0.774234
Train Epoch: 10 [44160/50000 (88%)]	Loss: 0.750923
Train Epoch: 10 [44800/50000 (90%)]	Loss: 0.610341
Train Epoch: 10 [45440/50000 (91%)]	Loss: 0.880524
Train Epoch: 10 [46080/50000 (92%)]	Loss: 0.586437
Train Epoch: 10 [46720/50000 (93%)]	Loss: 0.870520
Train Epoch: 10 [47360/50000 (95%)]	Loss: 0.741184
Train Epoch: 10 [48000/50000 (96%)]	Loss: 0.666857
Train Epoch: 10 [48640/50000 (97%)]	Loss: 0.774374
Train Epoch: 10 [49280/50000 (98%)]	Loss: 0.517228
Train Epoch: 10 [49920/50000 (100%)]	Loss: 0.648453

Test set: Average loss: 0.8173, Accuracy: 7227/10000 (72%)

Train Epoch: 11 [0/50000 (0%)]	Loss: 0.506309
Train Epoch: 11 [640/50000 (1%)]	Loss: 0.852330
Train Epoch: 11 [1280/50000 (3%)]	Loss: 0.675645
Train Epoch: 11 [1920/50000 (4%)]	Loss: 0.549682
Train Epoch: 11 [2560/50000 (5%)]	Loss: 0.666246
Train Epoch: 11 [3200/50000 (6%)]	Loss: 0.643725
Train Epoch: 11 [3840/50000 (8%)]	Loss: 0.619051
Train Epoch: 11 [4480/50000 (9%)]	Loss: 0.525876
Train Epoch: 11 [5120/50000 (10%)]	Loss: 0.600249
Train Epoch: 11 [5760/50000 (12%)]	Loss: 0.845014
Train Epoch: 11 [6400/50000 (13%)]	Loss: 0.742271
Train Epoch: 11 [7040/50000 (14%)]	Loss: 0.537726
Train Epoch: 11 [7680/50000 (15%)]	Loss: 0.512789
Train Epoch: 11 [8320/50000 (17%)]	Loss: 0.740291
Train Epoch: 11 [8960/50000 (18%)]	Loss: 0.831627
Train Epoch: 11 [9600/50000 (19%)]	Loss: 0.805260
Train Epoch: 11 [10240/50000 (20%)]	Loss: 0.714669
Train Epoch: 11 [10880/50000 (22%)]	Loss: 0.629746
Train Epoch: 11 [11520/50000 (23%)]	Loss: 0.588598
Train Epoch: 11 [12160/50000 (24%)]	Loss: 0.588632
Train Epoch: 11 [12800/50000 (26%)]	Loss: 0.541355
Train Epoch: 11 [13440/50000 (27%)]	Loss: 0.644166
Train Epoch: 11 [14080/50000 (28%)]	Loss: 0.533366
Train Epoch: 11 [14720/50000 (29%)]	Loss: 0.625927
Train Epoch: 11 [15360/50000 (31%)]	Loss: 0.685587
Train Epoch: 11 [16000/50000 (32%)]	Loss: 0.842808
Train Epoch: 11 [16640/50000 (33%)]	Loss: 0.709295
Train Epoch: 11 [17280/50000 (35%)]	Loss: 0.445827
Train Epoch: 11 [17920/50000 (36%)]	Loss: 0.818813
Train Epoch: 11 [18560/50000 (37%)]	Loss: 0.620635
Train Epoch: 11 [19200/50000 (38%)]	Loss: 0.623508
Train Epoch: 11 [19840/50000 (40%)]	Loss: 0.622333
Train Epoch: 11 [20480/50000 (41%)]	Loss: 0.612768
Train Epoch: 11 [21120/50000 (42%)]	Loss: 0.458523
Train Epoch: 11 [21760/50000 (43%)]	Loss: 0.698787
Train Epoch: 11 [22400/50000 (45%)]	Loss: 0.506593
Train Epoch: 11 [23040/50000 (46%)]	Loss: 0.644124
Train Epoch: 11 [23680/50000 (47%)]	Loss: 0.638008
Train Epoch: 11 [24320/50000 (49%)]	Loss: 0.832016
Train Epoch: 11 [24960/50000 (50%)]	Loss: 0.809477
Train Epoch: 11 [25600/50000 (51%)]	Loss: 0.623821
Train Epoch: 11 [26240/50000 (52%)]	Loss: 0.674066
Train Epoch: 11 [26880/50000 (54%)]	Loss: 0.647114
Train Epoch: 11 [27520/50000 (55%)]	Loss: 0.589102
Train Epoch: 11 [28160/50000 (56%)]	Loss: 0.693990
Train Epoch: 11 [28800/50000 (58%)]	Loss: 0.484390
Train Epoch: 11 [29440/50000 (59%)]	Loss: 0.806366
Train Epoch: 11 [30080/50000 (60%)]	Loss: 0.731615
Train Epoch: 11 [30720/50000 (61%)]	Loss: 0.595243
Train Epoch: 11 [31360/50000 (63%)]	Loss: 0.566925
Train Epoch: 11 [32000/50000 (64%)]	Loss: 0.543854
Train Epoch: 11 [32640/50000 (65%)]	Loss: 0.576589
Train Epoch: 11 [33280/50000 (66%)]	Loss: 0.551582
Train Epoch: 11 [33920/50000 (68%)]	Loss: 0.701054
Train Epoch: 11 [34560/50000 (69%)]	Loss: 0.606969
Train Epoch: 11 [35200/50000 (70%)]	Loss: 0.558368
Train Epoch: 11 [35840/50000 (72%)]	Loss: 0.819318
Train Epoch: 11 [36480/50000 (73%)]	Loss: 0.577837
Train Epoch: 11 [37120/50000 (74%)]	Loss: 0.468811
Train Epoch: 11 [37760/50000 (75%)]	Loss: 0.816537
Train Epoch: 11 [38400/50000 (77%)]	Loss: 0.636642
Train Epoch: 11 [39040/50000 (78%)]	Loss: 0.794647
Train Epoch: 11 [39680/50000 (79%)]	Loss: 0.684929
Train Epoch: 11 [40320/50000 (81%)]	Loss: 0.916198
Train Epoch: 11 [40960/50000 (82%)]	Loss: 0.445832
Train Epoch: 11 [41600/50000 (83%)]	Loss: 0.701816
Train Epoch: 11 [42240/50000 (84%)]	Loss: 0.674651
Train Epoch: 11 [42880/50000 (86%)]	Loss: 0.591682
Train Epoch: 11 [43520/50000 (87%)]	Loss: 0.571148
Train Epoch: 11 [44160/50000 (88%)]	Loss: 0.620797
Train Epoch: 11 [44800/50000 (90%)]	Loss: 0.498370
Train Epoch: 11 [45440/50000 (91%)]	Loss: 0.596141
Train Epoch: 11 [46080/50000 (92%)]	Loss: 0.563318
Train Epoch: 11 [46720/50000 (93%)]	Loss: 0.637850
Train Epoch: 11 [47360/50000 (95%)]	Loss: 0.528706
Train Epoch: 11 [48000/50000 (96%)]	Loss: 0.728019
Train Epoch: 11 [48640/50000 (97%)]	Loss: 0.511019
Train Epoch: 11 [49280/50000 (98%)]	Loss: 0.654853
Train Epoch: 11 [49920/50000 (100%)]	Loss: 0.792794

Test set: Average loss: 0.8094, Accuracy: 7252/10000 (73%)

Train Epoch: 12 [0/50000 (0%)]	Loss: 0.763208
Train Epoch: 12 [640/50000 (1%)]	Loss: 0.679536
Train Epoch: 12 [1280/50000 (3%)]	Loss: 0.763988
Train Epoch: 12 [1920/50000 (4%)]	Loss: 0.624275
Train Epoch: 12 [2560/50000 (5%)]	Loss: 0.808260
Train Epoch: 12 [3200/50000 (6%)]	Loss: 0.587697
Train Epoch: 12 [3840/50000 (8%)]	Loss: 0.682463
Train Epoch: 12 [4480/50000 (9%)]	Loss: 0.777849
Train Epoch: 12 [5120/50000 (10%)]	Loss: 0.763430
Train Epoch: 12 [5760/50000 (12%)]	Loss: 0.683047
Train Epoch: 12 [6400/50000 (13%)]	Loss: 0.616006
Train Epoch: 12 [7040/50000 (14%)]	Loss: 0.791655
Train Epoch: 12 [7680/50000 (15%)]	Loss: 0.769765
Train Epoch: 12 [8320/50000 (17%)]	Loss: 0.625386
Train Epoch: 12 [8960/50000 (18%)]	Loss: 0.814161
Train Epoch: 12 [9600/50000 (19%)]	Loss: 0.664755
Train Epoch: 12 [10240/50000 (20%)]	Loss: 0.381504
Train Epoch: 12 [10880/50000 (22%)]	Loss: 0.644799
Train Epoch: 12 [11520/50000 (23%)]	Loss: 0.575824
Train Epoch: 12 [12160/50000 (24%)]	Loss: 0.519611
Train Epoch: 12 [12800/50000 (26%)]	Loss: 0.666211
Train Epoch: 12 [13440/50000 (27%)]	Loss: 0.684280
Train Epoch: 12 [14080/50000 (28%)]	Loss: 0.662966
Train Epoch: 12 [14720/50000 (29%)]	Loss: 0.593336
Train Epoch: 12 [15360/50000 (31%)]	Loss: 0.918961
Train Epoch: 12 [16000/50000 (32%)]	Loss: 0.851446
Train Epoch: 12 [16640/50000 (33%)]	Loss: 0.566112
Train Epoch: 12 [17280/50000 (35%)]	Loss: 0.753504
Train Epoch: 12 [17920/50000 (36%)]	Loss: 0.720219
Train Epoch: 12 [18560/50000 (37%)]	Loss: 0.791407
Train Epoch: 12 [19200/50000 (38%)]	Loss: 0.637173
Train Epoch: 12 [19840/50000 (40%)]	Loss: 0.493933
Train Epoch: 12 [20480/50000 (41%)]	Loss: 0.601997
Train Epoch: 12 [21120/50000 (42%)]	Loss: 0.704638
Train Epoch: 12 [21760/50000 (43%)]	Loss: 0.733280
Train Epoch: 12 [22400/50000 (45%)]	Loss: 0.494038
Train Epoch: 12 [23040/50000 (46%)]	Loss: 0.751954
Train Epoch: 12 [23680/50000 (47%)]	Loss: 0.537583
Train Epoch: 12 [24320/50000 (49%)]	Loss: 0.588811
Train Epoch: 12 [24960/50000 (50%)]	Loss: 0.343320
Train Epoch: 12 [25600/50000 (51%)]	Loss: 0.499410
Train Epoch: 12 [26240/50000 (52%)]	Loss: 0.608746
Train Epoch: 12 [26880/50000 (54%)]	Loss: 0.741533
Train Epoch: 12 [27520/50000 (55%)]	Loss: 0.717450
Train Epoch: 12 [28160/50000 (56%)]	Loss: 0.669425
Train Epoch: 12 [28800/50000 (58%)]	Loss: 0.553317
Train Epoch: 12 [29440/50000 (59%)]	Loss: 0.640420
Train Epoch: 12 [30080/50000 (60%)]	Loss: 0.533735
Train Epoch: 12 [30720/50000 (61%)]	Loss: 0.494474
Train Epoch: 12 [31360/50000 (63%)]	Loss: 0.966108
Train Epoch: 12 [32000/50000 (64%)]	Loss: 0.788102
Train Epoch: 12 [32640/50000 (65%)]	Loss: 0.570837
Train Epoch: 12 [33280/50000 (66%)]	Loss: 0.707217
Train Epoch: 12 [33920/50000 (68%)]	Loss: 0.478023
Train Epoch: 12 [34560/50000 (69%)]	Loss: 0.644099
Train Epoch: 12 [35200/50000 (70%)]	Loss: 0.642151
Train Epoch: 12 [35840/50000 (72%)]	Loss: 0.568342
Train Epoch: 12 [36480/50000 (73%)]	Loss: 0.815985
Train Epoch: 12 [37120/50000 (74%)]	Loss: 0.536641
Train Epoch: 12 [37760/50000 (75%)]	Loss: 0.474931
Train Epoch: 12 [38400/50000 (77%)]	Loss: 0.678352
Train Epoch: 12 [39040/50000 (78%)]	Loss: 0.658459
Train Epoch: 12 [39680/50000 (79%)]	Loss: 0.663517
Train Epoch: 12 [40320/50000 (81%)]	Loss: 0.513414
Train Epoch: 12 [40960/50000 (82%)]	Loss: 0.465349
Train Epoch: 12 [41600/50000 (83%)]	Loss: 0.557996
Train Epoch: 12 [42240/50000 (84%)]	Loss: 0.551305
Train Epoch: 12 [42880/50000 (86%)]	Loss: 0.684753
Train Epoch: 12 [43520/50000 (87%)]	Loss: 0.641068
Train Epoch: 12 [44160/50000 (88%)]	Loss: 0.626784
Train Epoch: 12 [44800/50000 (90%)]	Loss: 0.519827
Train Epoch: 12 [45440/50000 (91%)]	Loss: 0.650686
Train Epoch: 12 [46080/50000 (92%)]	Loss: 0.737697
Train Epoch: 12 [46720/50000 (93%)]	Loss: 0.665046
Train Epoch: 12 [47360/50000 (95%)]	Loss: 0.554447
Train Epoch: 12 [48000/50000 (96%)]	Loss: 0.621836
Train Epoch: 12 [48640/50000 (97%)]	Loss: 0.745627
Train Epoch: 12 [49280/50000 (98%)]	Loss: 0.700101
Train Epoch: 12 [49920/50000 (100%)]	Loss: 0.514900

Test set: Average loss: 0.8079, Accuracy: 7247/10000 (72%)

Train Epoch: 13 [0/50000 (0%)]	Loss: 0.732367
Train Epoch: 13 [640/50000 (1%)]	Loss: 0.905962
Train Epoch: 13 [1280/50000 (3%)]	Loss: 0.476147
Train Epoch: 13 [1920/50000 (4%)]	Loss: 0.474188
Train Epoch: 13 [2560/50000 (5%)]	Loss: 0.565392
Train Epoch: 13 [3200/50000 (6%)]	Loss: 0.733936
Train Epoch: 13 [3840/50000 (8%)]	Loss: 0.547232
Train Epoch: 13 [4480/50000 (9%)]	Loss: 0.600069
Train Epoch: 13 [5120/50000 (10%)]	Loss: 0.735632
Train Epoch: 13 [5760/50000 (12%)]	Loss: 0.751521
Train Epoch: 13 [6400/50000 (13%)]	Loss: 0.474125
Train Epoch: 13 [7040/50000 (14%)]	Loss: 0.463330
Train Epoch: 13 [7680/50000 (15%)]	Loss: 0.490739
Train Epoch: 13 [8320/50000 (17%)]	Loss: 0.898588
Train Epoch: 13 [8960/50000 (18%)]	Loss: 0.806556
Train Epoch: 13 [9600/50000 (19%)]	Loss: 0.808867
Train Epoch: 13 [10240/50000 (20%)]	Loss: 0.622471
Train Epoch: 13 [10880/50000 (22%)]	Loss: 0.625268
Train Epoch: 13 [11520/50000 (23%)]	Loss: 0.714107
Train Epoch: 13 [12160/50000 (24%)]	Loss: 0.823766
Train Epoch: 13 [12800/50000 (26%)]	Loss: 0.750031
Train Epoch: 13 [13440/50000 (27%)]	Loss: 0.756908
Train Epoch: 13 [14080/50000 (28%)]	Loss: 0.747323
Train Epoch: 13 [14720/50000 (29%)]	Loss: 0.469612
Train Epoch: 13 [15360/50000 (31%)]	Loss: 0.718615
Train Epoch: 13 [16000/50000 (32%)]	Loss: 0.869108
Train Epoch: 13 [16640/50000 (33%)]	Loss: 0.664160
Train Epoch: 13 [17280/50000 (35%)]	Loss: 0.597027
Train Epoch: 13 [17920/50000 (36%)]	Loss: 0.598289
Train Epoch: 13 [18560/50000 (37%)]	Loss: 0.798519
Train Epoch: 13 [19200/50000 (38%)]	Loss: 0.726654
Train Epoch: 13 [19840/50000 (40%)]	Loss: 0.643947
Train Epoch: 13 [20480/50000 (41%)]	Loss: 0.565361
Train Epoch: 13 [21120/50000 (42%)]	Loss: 0.577685
Train Epoch: 13 [21760/50000 (43%)]	Loss: 0.851948
Train Epoch: 13 [22400/50000 (45%)]	Loss: 0.583692
Train Epoch: 13 [23040/50000 (46%)]	Loss: 0.705971
Train Epoch: 13 [23680/50000 (47%)]	Loss: 0.775217
Train Epoch: 13 [24320/50000 (49%)]	Loss: 0.715562
Train Epoch: 13 [24960/50000 (50%)]	Loss: 0.494722
Train Epoch: 13 [25600/50000 (51%)]	Loss: 0.801634
Train Epoch: 13 [26240/50000 (52%)]	Loss: 0.590054
Train Epoch: 13 [26880/50000 (54%)]	Loss: 0.758993
Train Epoch: 13 [27520/50000 (55%)]	Loss: 0.678002
Train Epoch: 13 [28160/50000 (56%)]	Loss: 0.976595
Train Epoch: 13 [28800/50000 (58%)]	Loss: 0.567639
Train Epoch: 13 [29440/50000 (59%)]	Loss: 0.641306
Train Epoch: 13 [30080/50000 (60%)]	Loss: 0.617390
Train Epoch: 13 [30720/50000 (61%)]	Loss: 0.442223
Train Epoch: 13 [31360/50000 (63%)]	Loss: 0.784268
Train Epoch: 13 [32000/50000 (64%)]	Loss: 0.634697
Train Epoch: 13 [32640/50000 (65%)]	Loss: 0.532562
Train Epoch: 13 [33280/50000 (66%)]	Loss: 0.609282
Train Epoch: 13 [33920/50000 (68%)]	Loss: 0.639244
Train Epoch: 13 [34560/50000 (69%)]	Loss: 0.700640
Train Epoch: 13 [35200/50000 (70%)]	Loss: 0.570069
Train Epoch: 13 [35840/50000 (72%)]	Loss: 0.668326
Train Epoch: 13 [36480/50000 (73%)]	Loss: 0.513279
Train Epoch: 13 [37120/50000 (74%)]	Loss: 0.584792
Train Epoch: 13 [37760/50000 (75%)]	Loss: 0.587712
Train Epoch: 13 [38400/50000 (77%)]	Loss: 0.577401
Train Epoch: 13 [39040/50000 (78%)]	Loss: 0.674934
Train Epoch: 13 [39680/50000 (79%)]	Loss: 0.533732
Train Epoch: 13 [40320/50000 (81%)]	Loss: 0.417823
Train Epoch: 13 [40960/50000 (82%)]	Loss: 0.528481
Train Epoch: 13 [41600/50000 (83%)]	Loss: 0.691855
Train Epoch: 13 [42240/50000 (84%)]	Loss: 0.459716
Train Epoch: 13 [42880/50000 (86%)]	Loss: 0.736712
Train Epoch: 13 [43520/50000 (87%)]	Loss: 0.888701
Train Epoch: 13 [44160/50000 (88%)]	Loss: 0.578675
Train Epoch: 13 [44800/50000 (90%)]	Loss: 0.490210
Train Epoch: 13 [45440/50000 (91%)]	Loss: 0.505694
Train Epoch: 13 [46080/50000 (92%)]	Loss: 0.947860
Train Epoch: 13 [46720/50000 (93%)]	Loss: 0.760736
Train Epoch: 13 [47360/50000 (95%)]	Loss: 0.619720
Train Epoch: 13 [48000/50000 (96%)]	Loss: 0.918377
Train Epoch: 13 [48640/50000 (97%)]	Loss: 0.605450
Train Epoch: 13 [49280/50000 (98%)]	Loss: 0.622159
Train Epoch: 13 [49920/50000 (100%)]	Loss: 0.801909

Test set: Average loss: 0.8059, Accuracy: 7253/10000 (73%)

Train Epoch: 14 [0/50000 (0%)]	Loss: 0.596645
Train Epoch: 14 [640/50000 (1%)]	Loss: 0.490712
Train Epoch: 14 [1280/50000 (3%)]	Loss: 0.676953
Train Epoch: 14 [1920/50000 (4%)]	Loss: 0.428147
Train Epoch: 14 [2560/50000 (5%)]	Loss: 0.634679
Train Epoch: 14 [3200/50000 (6%)]	Loss: 0.419599
Train Epoch: 14 [3840/50000 (8%)]	Loss: 0.736588
Train Epoch: 14 [4480/50000 (9%)]	Loss: 0.654249
Train Epoch: 14 [5120/50000 (10%)]	Loss: 0.533057
Train Epoch: 14 [5760/50000 (12%)]	Loss: 0.426983
Train Epoch: 14 [6400/50000 (13%)]	Loss: 0.546246
Train Epoch: 14 [7040/50000 (14%)]	Loss: 0.719784
Train Epoch: 14 [7680/50000 (15%)]	Loss: 0.499847
Train Epoch: 14 [8320/50000 (17%)]	Loss: 0.515395
Train Epoch: 14 [8960/50000 (18%)]	Loss: 0.474515
Train Epoch: 14 [9600/50000 (19%)]	Loss: 0.512258
Train Epoch: 14 [10240/50000 (20%)]	Loss: 0.441405
Train Epoch: 14 [10880/50000 (22%)]	Loss: 0.576385
Train Epoch: 14 [11520/50000 (23%)]	Loss: 0.701265
Train Epoch: 14 [12160/50000 (24%)]	Loss: 0.899263
Train Epoch: 14 [12800/50000 (26%)]	Loss: 0.603685
Train Epoch: 14 [13440/50000 (27%)]	Loss: 0.480115
Train Epoch: 14 [14080/50000 (28%)]	Loss: 0.541363
Train Epoch: 14 [14720/50000 (29%)]	Loss: 0.666565
Train Epoch: 14 [15360/50000 (31%)]	Loss: 0.612510
Train Epoch: 14 [16000/50000 (32%)]	Loss: 0.698980
Train Epoch: 14 [16640/50000 (33%)]	Loss: 0.772848
Train Epoch: 14 [17280/50000 (35%)]	Loss: 0.540782
Train Epoch: 14 [17920/50000 (36%)]	Loss: 0.627621
Train Epoch: 14 [18560/50000 (37%)]	Loss: 0.519725
Train Epoch: 14 [19200/50000 (38%)]	Loss: 0.994557
Train Epoch: 14 [19840/50000 (40%)]	Loss: 0.578885
Train Epoch: 14 [20480/50000 (41%)]	Loss: 0.637861
Train Epoch: 14 [21120/50000 (42%)]	Loss: 0.549140
Train Epoch: 14 [21760/50000 (43%)]	Loss: 0.489873
Train Epoch: 14 [22400/50000 (45%)]	Loss: 0.615953
Train Epoch: 14 [23040/50000 (46%)]	Loss: 0.634005
Train Epoch: 14 [23680/50000 (47%)]	Loss: 0.665681
Train Epoch: 14 [24320/50000 (49%)]	Loss: 0.569439
Train Epoch: 14 [24960/50000 (50%)]	Loss: 0.515621
Train Epoch: 14 [25600/50000 (51%)]	Loss: 0.698047
Train Epoch: 14 [26240/50000 (52%)]	Loss: 0.634016
Train Epoch: 14 [26880/50000 (54%)]	Loss: 0.468098
Train Epoch: 14 [27520/50000 (55%)]	Loss: 0.632023
Train Epoch: 14 [28160/50000 (56%)]	Loss: 0.556343
Train Epoch: 14 [28800/50000 (58%)]	Loss: 0.688633
Train Epoch: 14 [29440/50000 (59%)]	Loss: 0.628941
Train Epoch: 14 [30080/50000 (60%)]	Loss: 0.645641
Train Epoch: 14 [30720/50000 (61%)]	Loss: 0.622646
Train Epoch: 14 [31360/50000 (63%)]	Loss: 0.621814
Train Epoch: 14 [32000/50000 (64%)]	Loss: 0.614228
Train Epoch: 14 [32640/50000 (65%)]	Loss: 0.645143
Train Epoch: 14 [33280/50000 (66%)]	Loss: 0.469487
Train Epoch: 14 [33920/50000 (68%)]	Loss: 0.693717
Train Epoch: 14 [34560/50000 (69%)]	Loss: 0.560711
Train Epoch: 14 [35200/50000 (70%)]	Loss: 0.525541
Train Epoch: 14 [35840/50000 (72%)]	Loss: 0.751514
Train Epoch: 14 [36480/50000 (73%)]	Loss: 0.495228
Train Epoch: 14 [37120/50000 (74%)]	Loss: 0.644847
Train Epoch: 14 [37760/50000 (75%)]	Loss: 0.673644
Train Epoch: 14 [38400/50000 (77%)]	Loss: 0.797394
Train Epoch: 14 [39040/50000 (78%)]	Loss: 0.482984
Train Epoch: 14 [39680/50000 (79%)]	Loss: 0.730749
Train Epoch: 14 [40320/50000 (81%)]	Loss: 0.572010
Train Epoch: 14 [40960/50000 (82%)]	Loss: 0.482164
Train Epoch: 14 [41600/50000 (83%)]	Loss: 0.662679
Train Epoch: 14 [42240/50000 (84%)]	Loss: 0.438019
Train Epoch: 14 [42880/50000 (86%)]	Loss: 0.739300
Train Epoch: 14 [43520/50000 (87%)]	Loss: 0.727130
Train Epoch: 14 [44160/50000 (88%)]	Loss: 1.092180
Train Epoch: 14 [44800/50000 (90%)]	Loss: 0.713504
Train Epoch: 14 [45440/50000 (91%)]	Loss: 0.710513
Train Epoch: 14 [46080/50000 (92%)]	Loss: 0.490458
Train Epoch: 14 [46720/50000 (93%)]	Loss: 0.510659
Train Epoch: 14 [47360/50000 (95%)]	Loss: 0.557317
Train Epoch: 14 [48000/50000 (96%)]	Loss: 0.807820
Train Epoch: 14 [48640/50000 (97%)]	Loss: 0.822214
Train Epoch: 14 [49280/50000 (98%)]	Loss: 0.749708
Train Epoch: 14 [49920/50000 (100%)]	Loss: 0.641993

Test set: Average loss: 0.8087, Accuracy: 7262/10000 (73%)

